<?xml version="1.0" encoding="UTF-8"?>
<testng-results skipped="0" failed="0" ignored="0" total="0" passed="0">
  <reporter-output>
  </reporter-output>
  <suite name="com.gnb.sudameris.initial.Main" duration-ms="8" started-at="2020-02-21T04:41:27Z" finished-at="2020-02-21T04:41:27Z">
    <groups>
    </groups>
    <test name="Command line test" duration-ms="8" started-at="2020-02-21T04:41:27Z" finished-at="2020-02-21T04:41:27Z">
    </test> <!-- Command line test -->
  </suite> <!-- com.gnb.sudameris.initial.Main -->
</testng-results>
