<?xml version="1.0" encoding="UTF-8"?>
<!-- Generated by org.testng.reporters.JUnitXMLReporter -->
<testsuite hostname="DESKTOP-QOPOM1B" ignored="0" name="Device 1" tests="3" failures="0" timestamp="24 feb 2020 00:29:52 GMT" time="45.855" errors="0">
  <testcase name="welcome" time="1.968" classname="com.gnb.sudameris.test.TestWebView"/>
  <testcase name="webView" time="4.375" classname="com.gnb.sudameris.test.TestWebView"/>
  <testcase name="formPage" time="12.89" classname="com.gnb.sudameris.test.TestWebView"/>
</testsuite> <!-- Device 1 -->
